TN:
SF:src/stake.sol
FN:47,NFTStaking.
FNDA:7,NFTStaking.
DA:55,7
DA:56,7
DA:57,28
FN:69,NFTStaking.setRewardIntervals
FNDA:0,NFTStaking.setRewardIntervals
DA:72,0
BRDA:72,0,0,-
BRDA:72,0,1,-
DA:73,0
DA:75,0
DA:76,0
FN:80,NFTStaking.stake
FNDA:8,NFTStaking.stake
DA:81,8
BRDA:81,1,0,-
BRDA:81,1,1,8
DA:82,8
BRDA:82,2,0,-
BRDA:82,2,1,8
DA:84,8
DA:85,8
DA:92,8
FN:95,NFTStaking.unstake
FNDA:2,NFTStaking.unstake
DA:96,2
DA:97,2
BRDA:97,3,0,-
BRDA:97,3,1,2
DA:98,2
BRDA:98,4,0,1
BRDA:98,4,1,1
DA:103,1
DA:104,1
DA:105,1
DA:106,1
DA:108,1
DA:109,1
FN:165,NFTStaking.calculateRewards
FNDA:6,NFTStaking.calculateRewards
DA:166,12
DA:167,12
DA:169,12
DA:171,12
DA:172,12
DA:174,12
DA:175,38
DA:177,38
DA:178,36
DA:180,26
DA:181,26
DA:182,26
DA:184,11
BRDA:184,8,0,11
BRDA:184,8,1,11
DA:185,11
DA:188,11
DA:191,11
DA:194,11
BRDA:194,9,0,11
DA:195,11
DA:198,15
DA:202,12
FN:205,NFTStaking.claimRewards
FNDA:5,NFTStaking.claimRewards
DA:206,5
DA:207,5
BRDA:207,10,0,-
BRDA:207,10,1,5
DA:209,5
DA:210,5
BRDA:210,11,0,-
BRDA:210,11,1,5
DA:212,5
DA:213,5
DA:215,5
FNF:6
FNH:5
LF:48
LH:44
BRF:17
BRH:10
end_of_record
TN:
SF:test/stake.t.sol
FN:12,MockNFT.
FNDA:7,MockNFT.
FN:14,MockNFT.mint
FNDA:14,MockNFT.mint
DA:15,14
FNF:2
FNH:2
LF:1
LH:1
BRF:0
BRH:0
end_of_record
